C51 COMPILER V9.60.7.0   POWER_ON                                                          01/24/2026 18:06:45 PAGE 1   


C51 COMPILER V9.60.7.0, COMPILATION OF MODULE POWER_ON
OBJECT MODULE PLACED IN .\Release\Objects\power_on.obj
COMPILER INVOKED BY: C:\Keil_v5\C51\BIN\C51.EXE ..\..\User\power_on.c LARGE OPTIMIZE(9,SIZE) BROWSE INTVECTOR(0X000C) IN
                    -CDIR(..\..\Libraries\Include;..\..\User) INTERVAL(3) DEBUG OBJECTEXTEND PRINT(.\Release\Listings\power_on.lst) OBJECT(.\
                    -Release\Objects\power_on.obj)

line level    source

   1          #include "power_on.h"
   2          #include "include.h"
   3          #include "pwm.h"
   4          #include <math.h>
   5           
   6          
   7          volatile bit flag_is_in_power_on = 0; // æ˜¯å¦å¤„äºå¼€æœºç¼“å¯åŠ¨
   8          static volatile u32 power_on_step = 0;
   9          volatile bit flag_time_comes_during_power_on = 0; // æ ‡å¿—ä½ï¼Œå¼€æœºç¼“å¯åŠ¨æœŸé—´ï¼Œè°ƒèŠ‚æ—¶é—´åˆ°æ
             -¥ï¼ˆç”±å®šæ—¶å™¨ç½®ä½ï¼‰
  10            
  11          void power_on_handle(void)
  12          { 
  13   1          cur_pwm_channel_0_duty = 0;
  14   1          cur_pwm_channel_1_duty = 0;
  15   1          flag_is_in_power_on = 1; // è¡¨ç¤ºåˆ°äº†å¼€æœºç¼“å¯åŠ¨
  16   1      
  17   1          while (1)
  18   1          {
  19   2      #if USE_MY_DEBUG // ç›´æ¥æ‰“å°0ï¼Œé˜²æ­¢åœ¨ä¸²å£+å›¾åƒä¸Šçœ‹åˆ°é”™ä½
                               // printf(",b=0,"); // é˜²æ­¢åœ¨ä¸²å£å›¾åƒé”™ä½
              #endif
  22   2              if (cur_pwm_channel_0_duty >= DEST_POWER_ON_DUTY_VAL &&
  23   2                  cur_pwm_channel_1_duty >= DEST_POWER_ON_DUTY_VAL)
  24   2              {
  25   3                  // å½“ä¸¤è·¯pwméƒ½åˆ°å¯¹åº”çš„å ç©ºæ¯”å€¼ä¹‹åï¼Œæ‰é€€å‡ºå¼€æœºç¼“å¯åŠ¨
  26   3                  break;
  27   3              }
  28   2      
  29   2              if (flag_time_comes_during_power_on) // å¦‚æœè°ƒèŠ‚æ—¶é—´åˆ°æ¥
  30   2              {
  31   3                  flag_time_comes_during_power_on = 0;
  32   3                  power_on_step += POWER_ON_ADJUST_STEP; // ç´¯è®¡æ­¥é•¿
  33   3                  if (power_on_step >= 1000)
  34   3                  {
  35   4                      power_on_step -= 1000;
  36   4                      cur_pwm_channel_0_duty++;
  37   4                      cur_pwm_channel_1_duty = cur_pwm_channel_0_duty;
  38   4                  }
  39   3              }
  40   2      
  41   2              set_pwm_channel_0_duty(cur_pwm_channel_0_duty);
  42   2              set_pwm_channel_1_duty(cur_pwm_channel_1_duty);
  43   2          }
  44   1      
  45   1          // ç¼“å¯åŠ¨åï¼Œç«‹å³æ›´æ–° adjust_duty çš„å€¼ï¼šï¼ˆ è¦ç»™ä¸‹é¢è¿™äº›å˜é‡èµ‹å€¼ï¼Œä¸Šç”µåä¼šæ
             - ¹æ®è¿™äº›å˜é‡çš„å€¼æ¥è°ƒèŠ‚ ï¼‰
  46   1          adjust_pwm_channel_0_duty = cur_pwm_channel_0_duty;
  47   1          adjust_pwm_channel_1_duty = cur_pwm_channel_1_duty;
  48   1          expect_adjust_pwm_channel_0_duty = cur_pwm_channel_0_duty;
  49   1          expect_adjust_pwm_channel_1_duty = cur_pwm_channel_1_duty;
  50   1          flag_is_in_power_on = 0; // è¡¨ç¤ºé€€å‡ºäº†å¼€æœºç¼“å¯åŠ¨
  51   1      }
C51 COMPILER V9.60.7.0   POWER_ON                                                          01/24/2026 18:06:45 PAGE 2   



MODULE INFORMATION:   STATIC OVERLAYABLE
   CODE SIZE        =    226    ----
   CONSTANT SIZE    =   ----    ----
   XDATA SIZE       =      4    ----
   PDATA SIZE       =   ----    ----
   DATA SIZE        =   ----    ----
   IDATA SIZE       =   ----    ----
   BIT SIZE         =      2    ----
END OF MODULE INFORMATION.


C51 COMPILATION COMPLETE.  0 WARNING(S),  0 ERROR(S)
